\BOOKMARK [1][]{section.1}{Introduction}{}% 1
\BOOKMARK [2][]{subsection.1.1}{Assumptions}{section.1}% 2
\BOOKMARK [1][]{section.2}{Definition of Concepts and Variables}{}% 3
\BOOKMARK [1][]{section.3}{Part A: Analysis and Prediction of State Energy Profiles}{}% 4
\BOOKMARK [2][]{subsection.3.1}{Energy Profile of Each State in 2009}{section.3}% 5
\BOOKMARK [3][]{subsubsection.3.1.1}{Arizona}{subsection.3.1}% 6
\BOOKMARK [3][]{subsubsection.3.1.2}{California}{subsection.3.1}% 7
\BOOKMARK [3][]{subsubsection.3.1.3}{New Mexico}{subsection.3.1}% 8
\BOOKMARK [3][]{subsubsection.3.1.4}{Texas}{subsection.3.1}% 9
\BOOKMARK [2][]{subsection.3.2}{Evaluation of Energy Profile}{section.3}% 10
\BOOKMARK [3][]{subsubsection.3.2.1}{Evaluation Method}{subsection.3.2}% 11
\BOOKMARK [3][]{subsubsection.3.2.2}{Analysis and testing of our method}{subsection.3.2}% 12
\BOOKMARK [2][]{subsection.3.3}{Models for Energy Profile Characteristics\(1960 2009\) and prediction\(2025 2050\)}{section.3}% 13
\BOOKMARK [3][]{subsubsection.3.3.1}{General Trend of Energy profile}{subsection.3.3}% 14
\BOOKMARK [3][]{subsubsection.3.3.2}{Analysis of Major Renewable Energy Source}{subsection.3.3}% 15
\BOOKMARK [3][]{subsubsection.3.3.3}{Analysis of Consumer Sectors and Influential Factors}{subsection.3.3}% 16
\BOOKMARK [3][]{subsubsection.3.3.4}{Financial Burden Analysis}{subsection.3.3}% 17
\BOOKMARK [3][]{subsubsection.3.3.5}{Prediction}{subsection.3.3}% 18
\BOOKMARK [3][]{subsubsection.3.3.6}{Analysis and testing of our models of prediction}{subsection.3.3}% 19
\BOOKMARK [1][]{section.4}{Part B: Goals and Policies}{}% 20
\BOOKMARK [2][]{subsection.4.1}{Setting Renewable Energy Usage Targets}{section.4}% 21
\BOOKMARK [2][]{subsection.4.2}{Policy Suggestions}{section.4}% 22
\BOOKMARK [1][]{section.5}{Conclusions}{}% 23
\BOOKMARK [1][]{section.6}{A Summary}{}% 24
\BOOKMARK [1][]{section.7}{Strengths and weaknesses}{}% 25
\BOOKMARK [2][]{subsection.7.1}{Strengths}{section.7}% 26
\BOOKMARK [2][]{subsection.7.2}{Weaknesses}{section.7}% 27
\BOOKMARK [1][]{section.8}{A Letter to the Governors}{}% 28
\BOOKMARK [1][]{section*.2}{Appendices}{}% 29
\BOOKMARK [1][]{Appendix.a.A}{Appendix First appendix}{}% 30
\BOOKMARK [1][]{Appendix.a.B}{Appendix Second appendix}{}% 31
